<?xml version="1.0" encoding="UTF-8"?>
<!-- Generated by org.testng.reporters.JUnitXMLReporter -->
<testsuite hostname="LAPTOP-P4V92P0T" ignored="0" name="Conducting some navigation and checking some values exist" tests="1" failures="0" timestamp="09 Oct 2018 21:14:07 GMT" time="20.114" errors="0">
  <testcase name="TestCase4_Navigations" time="9.033" classname="com.thefloowautomationpractice.qa.testcases.NavigationTest"/>
</testsuite> <!-- Conducting some navigation and checking some values exist -->
