<?xml version="1.0" encoding="UTF-8"?>
<!-- Generated by org.testng.reporters.JUnitXMLReporter -->
<testsuite hostname="LAPTOP-P4V92P0T" ignored="0" name="Registered Users" tests="1" failures="1" timestamp="08 Oct 2018 02:44:20 GMT" time="21.406" errors="0">
  <testcase name="RegisterAnAccount" time="10.7" classname="com.thefloowautomationpractice.qa.testcases.RegisteringTest">
    <failure type="java.lang.AssertionError" message="null">
      <![CDATA[java.lang.AssertionError: null
at com.thefloowautomationpractice.qa.testcases.RegisteringTest.RegisterAnAccount(RegisteringTest.java:60)
... Removed 27 stack frames]]>
    </failure>
  </testcase> <!-- RegisterAnAccount -->
</testsuite> <!-- Registered Users -->
