<?xml version="1.0" encoding="UTF-8"?>
<!-- Generated by org.testng.reporters.JUnitXMLReporter -->
<testsuite hostname="LAPTOP-P4V92P0T" ignored="0" name="Registering" tests="1" failures="1" timestamp="09 Oct 2018 21:13:12 GMT" time="29.767" errors="0">
  <testcase name="TestCase1_RegisterAnAccount" time="17.076" classname="com.thefloowautomationpractice.qa.testcases.RegisterAnAccount">
    <failure type="java.lang.AssertionError" message="null">
      <![CDATA[java.lang.AssertionError: null
at com.thefloowautomationpractice.qa.testcases.RegisterAnAccount.TestCase1_RegisterAnAccount(RegisterAnAccount.java:115)
... Removed 27 stack frames]]>
    </failure>
  </testcase> <!-- TestCase1_RegisterAnAccount -->
</testsuite> <!-- Registering -->
