<?xml version="1.0" encoding="UTF-8"?>
<!-- Generated by org.testng.reporters.JUnitXMLReporter -->
<testsuite hostname="LAPTOP-P4V92P0T" ignored="0" name="Test" tests="3" failures="0" timestamp="06 Oct 2018 14:15:43 GMT" time="12.468" errors="0">
  <testcase name="logInMyStorePageTestSignIn" time="0.104" classname="com.thefloowautomationpractice.qa.testcases.LogInMyStorePageTest"/>
  <testcase name="indexPageTitleTest" time="10.678" classname="com.thefloowautomationpractice.qa.testcases.IndexPageTest"/>
  <testcase name="RegisterAnAccount" time="1.57" classname="com.thefloowautomationpractice.qa.testcases.IndexPageTest"/>
</testsuite> <!-- Test -->
